<?xml version="1.0" encoding="UTF-8"?>
<!-- Generated by org.testng.reporters.JUnitReportReporter -->
<testsuite skipped="1" hostname="HP-WINDOWS8" name="seleniumtestng.Priority" tests="4" failures="0" timestamp="16 Sep 2017 18:36:54 GMT" time="0.047" errors="0">
  <testcase name="f3" time="0.031" classname="seleniumtestng.Priority"/>
  <testcase name="f4" time="0.000" classname="seleniumtestng.Priority"/>
  <testcase name="f2" time="0.016" classname="seleniumtestng.Priority"/>
  <testcase name="f1" classname="seleniumtestng.Priority">
    <skipped/>
  </testcase> <!-- f1 -->
</testsuite> <!-- seleniumtestng.Priority -->
