<?xml version="1.0" encoding="UTF-8"?>
<!-- Generated by org.testng.reporters.JUnitReportReporter -->
<testsuite skipped="0" hostname="HP-WINDOWS8" name="seleniumtestng.Methoddependency" tests="2" failures="0" timestamp="16 Sep 2017 18:36:54 GMT" time="0.047" errors="0">
  <testcase name="f1" time="0.016" classname="seleniumtestng.Methoddependency"/>
  <testcase name="InvokeBrowser" time="0.031" classname="seleniumtestng.Methoddependency"/>
</testsuite> <!-- seleniumtestng.Methoddependency -->
