<?xml version="1.0" encoding="UTF-8"?>
<!-- Generated by org.testng.reporters.JUnitReportReporter -->
<testsuite skipped="0" hostname="HP-WINDOWS8" name="seleniumtestng.TestGroup" tests="3" failures="0" timestamp="16 Sep 2017 18:36:18 GMT" time="0.047" errors="0">
  <testcase name="f5" time="0.000" classname="seleniumtestng.TestGroup"/>
  <testcase name="f8" time="0.000" classname="seleniumtestng.TestGroup"/>
  <testcase name="f1" time="0.047" classname="seleniumtestng.TestGroup"/>
</testsuite> <!-- seleniumtestng.TestGroup -->
