<?xml version="1.0" encoding="UTF-8"?>
<!-- Generated by org.testng.reporters.JUnitReportReporter -->
<testsuite skipped="0" hostname="HP-WINDOWS8" name="seleniumtestng.Day3" tests="2" failures="0" timestamp="21 Sep 2017 18:42:03 GMT" time="0.026" errors="0">
  <testcase name="f1" time="0.017" classname="seleniumtestng.Day3"/>
  <testcase name="f2" time="0.009" classname="seleniumtestng.Day3"/>
</testsuite> <!-- seleniumtestng.Day3 -->
