<?xml version="1.0" encoding="UTF-8"?>
<!-- Generated by org.testng.reporters.JUnitReportReporter -->
<testsuite skipped="0" hostname="HP-WINDOWS8" name="Data_Provider.ParameterByDataprovider" tests="3" failures="0" timestamp="26 Oct 2017 19:32:15 GMT" time="10.092" errors="0">
  <testcase name="testMethod" time="3.664" classname="Data_Provider.ParameterByDataprovider"/>
  <testcase name="testMethod" time="3.198" classname="Data_Provider.ParameterByDataprovider"/>
  <testcase name="testMethod" time="3.230" classname="Data_Provider.ParameterByDataprovider"/>
</testsuite> <!-- Data_Provider.ParameterByDataprovider -->
