<?xml version="1.0" encoding="UTF-8"?>
<!-- Generated by org.testng.reporters.JUnitReportReporter -->
<testsuite skipped="0" hostname="HP-WINDOWS8" name="ParameterXML.TestNGXML" tests="1" failures="0" timestamp="26 Oct 2017 19:08:20 GMT" time="26.822" errors="0">
  <testcase name="testParameterWithXML" time="26.822" classname="ParameterXML.TestNGXML"/>
</testsuite> <!-- ParameterXML.TestNGXML -->
